#-----------------------------------------------------------
# Vivado v2015.4 (64-bit)
# SW Build 1412921 on Wed Nov 18 09:44:32 MST 2015
# IP Build 1412160 on Tue Nov 17 13:47:24 MST 2015
# Start of session at: Sun Jun  4 10:40:31 2017
# Process ID: 3624
# Current directory: /home/yhs/clickp4_fpga/00-blank/nfsume
# Command line: vivado -notrace -mode batch -source /home/yhs/p4fpga/bsv/scripts/generate-mac.tcl
# Log file: /home/yhs/clickp4_fpga/00-blank/nfsume/vivado.log
# Journal file: /home/yhs/clickp4_fpga/00-blank/nfsume/vivado.jou
#-----------------------------------------------------------
source /home/yhs/p4fpga/bsv/scripts/generate-mac.tcl -notrace
Generate synthesis model..
core was generated by vivado 2015.4, currently running vivado 2015.4
Core generated: ten_gig_eth_mac 15.0 CONFIG.Management_Interface true CONFIG.Statistics_Gathering true CONFIG.Physical_Interface Internal CONFIG.Low_Latency_32_bit_MAC 64bit CONFIG.SupportLevel 0
Core requested: ten_gig_eth_mac 15.0 CONFIG.Management_Interface true CONFIG.Statistics_Gathering true CONFIG.Physical_Interface Internal CONFIG.Low_Latency_32_bit_MAC 64bit CONFIG.SupportLevel 0
generate_ip 0
INFO: [IP_Flow 19-234] Refreshing IP repositories
INFO: [IP_Flow 19-1704] No user IP repositories specified
INFO: [IP_Flow 19-2313] Loaded Vivado IP repository '/opt/Xilinx/Vivado/2015.4/data/ip'.
INFO: [Common 17-206] Exiting Vivado at Sun Jun  4 10:40:36 2017...
