#-----------------------------------------------------------
# Vivado v2015.4 (64-bit)
# SW Build 1412921 on Wed Nov 18 09:44:32 MST 2015
# IP Build 1412160 on Tue Nov 17 13:47:24 MST 2015
# Start of session at: Sun Jun  4 10:28:21 2017
# Process ID: 21739
# Current directory: /home/yhs/clickp4_fpga/l2_switch/nfsume
# Command line: vivado -notrace -mode batch -source /home/yhs/connectal/scripts/connectal-synth-pcie.tcl
# Log file: /home/yhs/clickp4_fpga/l2_switch/nfsume/vivado.log
# Journal file: /home/yhs/clickp4_fpga/l2_switch/nfsume/vivado.jou
#-----------------------------------------------------------
source /home/yhs/connectal/scripts/connectal-synth-pcie.tcl -notrace
core was generated by vivado 2015.4, currently running vivado 2015.4
Core generated: pcie3_7x 4.1 CONFIG.PL_LINK_CAP_MAX_LINK_WIDTH X8 CONFIG.PL_LINK_CAP_MAX_LINK_SPEED 8.0_GT/s CONFIG.TL_PF_ENABLE_REG false CONFIG.vendor_id 1be7 CONFIG.PF0_DEVICE_ID c100 CONFIG.PF0_SUBSYSTEM_VENDOR_ID 1be7 CONFIG.PF0_SUBSYSTEM_ID a705 CONFIG.PF0_Use_Class_Code_Lookup_Assistant false CONFIG.pf0_base_class_menu Memory_controller CONFIG.pf0_bar0_64bit true CONFIG.pf0_bar0_size 16 CONFIG.pf0_bar2_enabled true CONFIG.pf0_bar2_64bit true CONFIG.pf0_bar2_scale Megabytes CONFIG.pf0_bar2_size 1 CONFIG.PF0_INTERRUPT_PIN NONE CONFIG.pf0_msi_enabled false CONFIG.pf0_msix_enabled true CONFIG.PF0_MSIX_CAP_TABLE_SIZE 010 CONFIG.PF0_MSIX_CAP_TABLE_OFFSET 00000200 CONFIG.PF0_MSIX_CAP_PBA_OFFSET 000001f0 CONFIG.axisten_if_width 256_bit CONFIG.AXISTEN_IF_RC_STRADDLE false CONFIG.AXISTEN_IF_ENABLE_CLIENT_TAG false CONFIG.cfg_ctl_if true CONFIG.cfg_ext_if false CONFIG.cfg_fc_if false CONFIG.cfg_mgmt_if false CONFIG.cfg_status_if true CONFIG.cfg_tx_msg_if false CONFIG.en_ext_clk false CONFIG.axisten_freq 250 CONFIG.PF0_PM_CAP_SUPP_D1_STATE false CONFIG.pf0_dsn_enabled true CONFIG.mode_selection Advanced CONFIG.pcie_blk_locn X0Y1 CONFIG.per_func_status_if false CONFIG.en_ext_clk false CONFIG.rcv_msg_if false CONFIG.tx_fc_if false CONFIG.shared_logic_in_core true CONFIG.en_msi_per_vec_masking false CONFIG.pf0_vc_cap_enabled true
Core requested: pcie3_7x 4.1 CONFIG.PL_LINK_CAP_MAX_LINK_WIDTH X8 CONFIG.PL_LINK_CAP_MAX_LINK_SPEED 8.0_GT/s CONFIG.TL_PF_ENABLE_REG false CONFIG.vendor_id 1be7 CONFIG.PF0_DEVICE_ID c100 CONFIG.PF0_SUBSYSTEM_VENDOR_ID 1be7 CONFIG.PF0_SUBSYSTEM_ID a705 CONFIG.PF0_Use_Class_Code_Lookup_Assistant false CONFIG.pf0_base_class_menu Memory_controller CONFIG.pf0_bar0_64bit true CONFIG.pf0_bar0_size 16 CONFIG.pf0_bar2_enabled true CONFIG.pf0_bar2_64bit true CONFIG.pf0_bar2_scale Megabytes CONFIG.pf0_bar2_size 1 CONFIG.PF0_INTERRUPT_PIN NONE CONFIG.pf0_msi_enabled false CONFIG.pf0_msix_enabled true CONFIG.PF0_MSIX_CAP_TABLE_SIZE 010 CONFIG.PF0_MSIX_CAP_TABLE_OFFSET 00000200 CONFIG.PF0_MSIX_CAP_PBA_OFFSET 000001f0 CONFIG.axisten_if_width 256_bit CONFIG.AXISTEN_IF_RC_STRADDLE false CONFIG.AXISTEN_IF_ENABLE_CLIENT_TAG false CONFIG.cfg_ctl_if true CONFIG.cfg_ext_if false CONFIG.cfg_fc_if false CONFIG.cfg_mgmt_if false CONFIG.cfg_status_if true CONFIG.cfg_tx_msg_if false CONFIG.en_ext_clk false CONFIG.axisten_freq 250 CONFIG.PF0_PM_CAP_SUPP_D1_STATE false CONFIG.pf0_dsn_enabled true CONFIG.mode_selection Advanced CONFIG.pcie_blk_locn X0Y1 CONFIG.per_func_status_if false CONFIG.en_ext_clk false CONFIG.rcv_msg_if false CONFIG.tx_fc_if false CONFIG.shared_logic_in_core true CONFIG.en_msi_per_vec_masking false CONFIG.pf0_vc_cap_enabled true
generate_ip 0
INFO: [IP_Flow 19-234] Refreshing IP repositories
INFO: [IP_Flow 19-1704] No user IP repositories specified
INFO: [IP_Flow 19-2313] Loaded Vivado IP repository '/opt/Xilinx/Vivado/2015.4/data/ip'.
INFO: [Common 17-206] Exiting Vivado at Sun Jun  4 10:28:28 2017...
