#-----------------------------------------------------------
# Vivado v2015.4 (64-bit)
# SW Build 1412921 on Wed Nov 18 09:44:32 MST 2015
# IP Build 1412160 on Tue Nov 17 13:47:24 MST 2015
# Start of session at: Sun Jun  4 10:28:14 2017
# Process ID: 21686
# Current directory: /home/yhs/clickp4_fpga/l2_switch/nfsume
# Command line: vivado -notrace -mode batch -source /home/yhs/p4fpga/bsv/scripts/connectal-synth-phy.tcl
# Log file: /home/yhs/clickp4_fpga/l2_switch/nfsume/vivado.log
# Journal file: /home/yhs/clickp4_fpga/l2_switch/nfsume/vivado.jou
#-----------------------------------------------------------
source /home/yhs/p4fpga/bsv/scripts/connectal-synth-phy.tcl -notrace
Generate synthesis model...
core was generated by vivado 2015.4, currently running vivado 2015.4
Core generated: ten_gig_eth_pcs_pma 6.0 CONFIG.MDIO_Management true CONFIG.base_kr BASE-R CONFIG.TransceiverControl false CONFIG.SupportLevel 1
Core requested: ten_gig_eth_pcs_pma 6.0 CONFIG.MDIO_Management true CONFIG.base_kr BASE-R CONFIG.TransceiverControl false CONFIG.SupportLevel 1
generate_ip 0
INFO: [IP_Flow 19-234] Refreshing IP repositories
INFO: [IP_Flow 19-1704] No user IP repositories specified
INFO: [IP_Flow 19-2313] Loaded Vivado IP repository '/opt/Xilinx/Vivado/2015.4/data/ip'.
core was generated by vivado 2015.4, currently running vivado 2015.4
Core generated: ten_gig_eth_pcs_pma 6.0 CONFIG.MDIO_Management true CONFIG.base_kr BASE-R CONFIG.TransceiverControl false CONFIG.SupportLevel 0
Core requested: ten_gig_eth_pcs_pma 6.0 CONFIG.MDIO_Management true CONFIG.base_kr BASE-R CONFIG.TransceiverControl false CONFIG.SupportLevel 0
generate_ip 0
INFO: [Common 17-206] Exiting Vivado at Sun Jun  4 10:28:21 2017...
