#-----------------------------------------------------------
# Vivado v2015.4 (64-bit)
# SW Build 1412921 on Wed Nov 18 09:44:32 MST 2015
# IP Build 1412160 on Tue Nov 17 13:47:24 MST 2015
# Start of session at: Fri Jun  2 00:46:38 2017
# Process ID: 6893
# Current directory: /home/yhs/clickp4_fpga/00-balnk/kc705
# Command line: vivado -notrace -mode batch -source /home/yhs/connectal/scripts/connectal-synth-pcie.tcl
# Log file: /home/yhs/clickp4_fpga/00-balnk/kc705/vivado.log
# Journal file: /home/yhs/clickp4_fpga/00-balnk/kc705/vivado.jou
#-----------------------------------------------------------
source /home/yhs/connectal/scripts/connectal-synth-pcie.tcl -notrace
core was generated by vivado 2015.4, currently running vivado 2015.4
Core generated: pcie_7x 3.2 CONFIG.mode_selection Advanced CONFIG.ASPM_Optionality true CONFIG.Disable_Tx_ASPM_L0s true CONFIG.Buf_Opt_BMA true CONFIG.Bar0_64bit true CONFIG.Bar0_Size 16 CONFIG.Bar0_Scale Kilobytes CONFIG.Bar2_64bit true CONFIG.Bar2_Enabled true CONFIG.Bar2_Scale Megabytes CONFIG.Bar2_Size 1 CONFIG.Base_Class_Menu Memory_controller CONFIG.Device_ID c100 CONFIG.IntX_Generation false CONFIG.MSI_Enabled false CONFIG.MSIx_Enabled true CONFIG.MSIx_PBA_Offset 1f0 CONFIG.MSIx_Table_Offset 200 CONFIG.MSIx_Table_Size 10 CONFIG.Maximum_Link_Width X8 CONFIG.Subsystem_ID a705 CONFIG.Subsystem_Vendor_ID 1be7 CONFIG.Use_Class_Code_Lookup_Assistant false CONFIG.Vendor_ID 1be7
Core requested: pcie_7x 3.2 CONFIG.mode_selection Advanced CONFIG.ASPM_Optionality true CONFIG.Disable_Tx_ASPM_L0s true CONFIG.Buf_Opt_BMA true CONFIG.Bar0_64bit true CONFIG.Bar0_Size 16 CONFIG.Bar0_Scale Kilobytes CONFIG.Bar2_64bit true CONFIG.Bar2_Enabled true CONFIG.Bar2_Scale Megabytes CONFIG.Bar2_Size 1 CONFIG.Base_Class_Menu Memory_controller CONFIG.Device_ID c100 CONFIG.IntX_Generation false CONFIG.MSI_Enabled false CONFIG.MSIx_Enabled true CONFIG.MSIx_PBA_Offset 1f0 CONFIG.MSIx_Table_Offset 200 CONFIG.MSIx_Table_Size 10 CONFIG.Maximum_Link_Width X8 CONFIG.Subsystem_ID a705 CONFIG.Subsystem_Vendor_ID 1be7 CONFIG.Use_Class_Code_Lookup_Assistant false CONFIG.Vendor_ID 1be7
generate_ip 0
INFO: [IP_Flow 19-234] Refreshing IP repositories
INFO: [IP_Flow 19-1704] No user IP repositories specified
INFO: [IP_Flow 19-2313] Loaded Vivado IP repository '/opt/Xilinx/Vivado/2015.4/data/ip'.
INFO: [Common 17-206] Exiting Vivado at Fri Jun  2 00:46:43 2017...
